<?xml version="1.0" encoding="UTF-8"?>
<!DOCTYPE html PUBLIC "-//W3C//DTD XHTML 1.0 Strict//EN" "http://www.w3.org/TR/xhtml1/DTD/xhtml1-strict.dtd">
<html xmlns="http://www.w3.org/1999/xhtml">
<head>
    <title>ui测试</title>
    <meta name="generator" content="HTMLTestRunner 0.8.2"/>
    <meta http-equiv="Content-Type" content="text/html; charset=UTF-8"/>
    
<style type="text/css" media="screen">
body        { font-family: verdana, arial, helvetica, sans-serif; font-size: 80%; }
table       { font-size: 100%; }
pre         { }

/* -- heading ---------------------------------------------------------------------- */
h1 {
	font-size: 16pt;
	color: gray;
}
.heading {
    margin-top: 0ex;
    margin-bottom: 1ex;
}

.heading .attribute {
    margin-top: 1ex;
    margin-bottom: 0;
}

.heading .description {
    margin-top: 4ex;
    margin-bottom: 6ex;
}

/* -- css div popup ------------------------------------------------------------------------ */
a.popup_link {
}

a.popup_link:hover {
    color: red;
}

.popup_window {
    display: none;
    position: relative;
    left: 0px;
    top: 0px;
    /*border: solid #627173 1px; */
    padding: 10px;
    background-color: #E6E6D6;
    font-family: "Lucida Console", "Courier New", Courier, monospace;
    text-align: left;
    font-size: 8pt;
    width: 500px;
}

}
/* -- report ------------------------------------------------------------------------ */
#show_detail_line {
    margin-top: 3ex;
    margin-bottom: 1ex;
}
#result_table {
    width: 80%;
    border-collapse: collapse;
    border: 1px solid #777;
}
#header_row {
    font-weight: bold;
    color: white;
    background-color: #777;
}
#result_table td {
    border: 1px solid #777;
    padding: 2px;
}
#total_row  { font-weight: bold; }
.passClass  { background-color: #6c6; }
.failClass  { background-color: #c60; }
.errorClass { background-color: #c00; }
.passCase   { color: #6c6; }
.failCase   { color: #c60; font-weight: bold; }
.errorCase  { color: #c00; font-weight: bold; }
.hiddenRow  { display: none; }
.testcase   { margin-left: 2em; }


/* -- ending ---------------------------------------------------------------------- */
#ending {
}

</style>

</head>
<body>
<script language="javascript" type="text/javascript"><!--
output_list = Array();

/* level - 0:Summary; 1:Failed; 2:All */
function showCase(level) {
    trs = document.getElementsByTagName("tr");
    for (var i = 0; i < trs.length; i++) {
        tr = trs[i];
        id = tr.id;
        if (id.substr(0,2) == 'ft') {
            if (level < 1) {
                tr.className = 'hiddenRow';
            }
            else {
                tr.className = '';
            }
        }
        if (id.substr(0,2) == 'pt') {
            if (level > 1) {
                tr.className = '';
            }
            else {
                tr.className = 'hiddenRow';
            }
        }
    }
}


function showClassDetail(cid, count) {
    var id_list = Array(count);
    var toHide = 1;
    for (var i = 0; i < count; i++) {
        tid0 = 't' + cid.substr(1) + '.' + (i+1);
        tid = 'f' + tid0;
        tr = document.getElementById(tid);
        if (!tr) {
            tid = 'p' + tid0;
            tr = document.getElementById(tid);
        }
        id_list[i] = tid;
        if (tr.className) {
            toHide = 0;
        }
    }
    for (var i = 0; i < count; i++) {
        tid = id_list[i];
        if (toHide) {
            document.getElementById('div_'+tid).style.display = 'none'
            document.getElementById(tid).className = 'hiddenRow';
        }
        else {
            document.getElementById(tid).className = '';
        }
    }
}


function showTestDetail(div_id){
    var details_div = document.getElementById(div_id)
    var displayState = details_div.style.display
    // alert(displayState)
    if (displayState != 'block' ) {
        displayState = 'block'
        details_div.style.display = 'block'
    }
    else {
        details_div.style.display = 'none'
    }
}


function html_escape(s) {
    s = s.replace(/&/g,'&amp;');
    s = s.replace(/</g,'&lt;');
    s = s.replace(/>/g,'&gt;');
    return s;
}

/* obsoleted by detail in <div>
function showOutput(id, name) {
    var w = window.open("", //url
                    name,
                    "resizable,scrollbars,status,width=800,height=450");
    d = w.document;
    d.write("<pre>");
    d.write(html_escape(output_list[id]));
    d.write("\n");
    d.write("<a href='javascript:window.close()'>close</a>\n");
    d.write("</pre>\n");
    d.close();
}
*/
--></script>

<div class='heading'>
<h1>ui测试</h1>
<p class='attribute'><strong>Start Time:</strong> 2022-06-29 20:59:44</p>
<p class='attribute'><strong>Duration:</strong> 0:03:32.870770</p>
<p class='attribute'><strong>Status:</strong> Pass 21 Error 7</p>

<p class='description'>本次测试是对于智慧水务系统的ui测试</p>
</div>



<p id='show_detail_line'>Show
<a href='javascript:showCase(0)'>Summary</a>
<a href='javascript:showCase(1)'>Failed</a>
<a href='javascript:showCase(2)'>All</a>
</p>
<table id='result_table'>
<colgroup>
<col align='left' />
<col align='right' />
<col align='right' />
<col align='right' />
<col align='right' />
<col align='right' />
</colgroup>
<tr id='header_row'>
    <td>Test Group/Test case</td>
    <td>Count</td>
    <td>Pass</td>
    <td>Fail</td>
    <td>Error</td>
    <td>View</td>
</tr>

<tr class='passClass'>
    <td>test_bgjk.bgjkcase</td>
    <td>1</td>
    <td>1</td>
    <td>0</td>
    <td>0</td>
    <td><a href="javascript:showClassDetail('c1',1)">Detail</a></td>
</tr>

<tr id='pt1.1' class='hiddenRow'>
    <td class='none'><div class='testcase'>test_bgjk</div></td>
    <td colspan='5' align='center'>

    <!--css div popup start-->
    <a class="popup_link" onfocus='this.blur();' href="javascript:showTestDetail('div_pt1.1')" >
        pass</a>

    <div id='div_pt1.1' class="popup_window">
        <div style='text-align: right; color:red;cursor:pointer'>
        <a onfocus='this.blur();' onclick="document.getElementById('div_pt1.1').style.display = 'none' " >
           [x]</a>
        </div>
        <pre>
        
pt1.1: 

        </pre>
    </div>
    <!--css div popup end-->

    </td>
</tr>

<tr class='errorClass'>
    <td>test_bzsj.bzsjcase</td>
    <td>1</td>
    <td>0</td>
    <td>0</td>
    <td>1</td>
    <td><a href="javascript:showClassDetail('c2',1)">Detail</a></td>
</tr>

<tr id='ft2.1' class='none'>
    <td class='errorCase'><div class='testcase'>test_bzsj</div></td>
    <td colspan='5' align='center'>

    <!--css div popup start-->
    <a class="popup_link" onfocus='this.blur();' href="javascript:showTestDetail('div_ft2.1')" >
        error</a>

    <div id='div_ft2.1' class="popup_window">
        <div style='text-align: right; color:red;cursor:pointer'>
        <a onfocus='this.blur();' onclick="document.getElementById('div_ft2.1').style.display = 'none' " >
           [x]</a>
        </div>
        <pre>
        
ft2.1: Traceback (most recent call last):
  File "D:\git\zhswUI\test_case\test_bzsj.py", line 8, in test_bzsj
    ddd = bzsjyewu().add_bzsj_notice()
  File "D:\git\zhswUI\pages\bzsjpage.py", line 59, in add_bzsj_notice
    self.click_bzsj_shanchu()
  File "D:\git\zhswUI\pages\bzsjpage.py", line 44, in click_bzsj_shanchu
    self.get_bzsj_shanchu().click()
  File "D:\git\zhswUI\pages\bzsjpage.py", line 20, in get_bzsj_shanchu
    return self.driver.find_element_by_xpath('/html/body/div/section/section/main/div[3]/div[1]/div[5]/div[2]/table/tbody/tr[1]/td[12]/div/button/span')
  File "D:\Python37\lib\site-packages\selenium\webdriver\remote\webdriver.py", line 526, in find_element_by_xpath
    return self.find_element(by=By.XPATH, value=xpath)
  File "D:\Python37\lib\site-packages\selenium\webdriver\remote\webdriver.py", line 1253, in find_element
    'value': value})['value']
  File "D:\Python37\lib\site-packages\selenium\webdriver\remote\webdriver.py", line 430, in execute
    self.error_handler.check_response(response)
  File "D:\Python37\lib\site-packages\selenium\webdriver\remote\errorhandler.py", line 247, in check_response
    raise exception_class(message, screen, stacktrace)
selenium.common.exceptions.NoSuchElementException: Message: no such element: Unable to locate element: {"method":"xpath","selector":"/html/body/div/section/section/main/div[3]/div[1]/div[5]/div[2]/table/tbody/tr[1]/td[12]/div/button/span"}
  (Session info: MicrosoftEdge=103.0.1264.37)
Stacktrace:
Backtrace:
	Microsoft::Applications::Events::EventProperties::unpack [0x00007FF7217B36C2+24578]
	Microsoft::Applications::Events::time_ticks_t::time_ticks_t [0x00007FF7216EE232+563682]
	Ordinal0 [0x00007FF7211F0FB5+659381]
	Ordinal0 [0x00007FF72122C25F+901727]
	Ordinal0 [0x00007FF72122C513+902419]
	Ordinal0 [0x00007FF72125E467+1107047]
	Ordinal0 [0x00007FF7212477EF+1013743]
	Ordinal0 [0x00007FF72125BAD7+1096407]
	Ordinal0 [0x00007FF7212475C3+1013187]
	Ordinal0 [0x00007FF72121E4E0+845024]
	Ordinal0 [0x00007FF72121F8D8+850136]
	Microsoft::Applications::Events::EventProperty::EventProperty [0x00007FF7214A4EB8+119992]
	Microsoft::Applications::Events::EventProperty::EventProperty [0x00007FF7214909C7+36807]
	Microsoft::Applications::Events::EventProperty::EventProperty [0x00007FF721493B5C+49500]
	Microsoft::Applications::Events::EventProperty::to_string [0x00007FF7212EF606+20582]
	Microsoft::Applications::Events::time_ticks_t::time_ticks_t [0x00007FF7216F569B+593483]
	Microsoft::Applications::Events::time_ticks_t::time_ticks_t [0x00007FF7216FABD4+615300]
	Microsoft::Applications::Events::time_ticks_t::time_ticks_t [0x00007FF7216FAD2D+615645]
	Microsoft::Applications::Events::time_ticks_t::time_ticks_t [0x00007FF72170593E+659694]
	BaseThreadInitThunk [0x00007FFEFE767034+20]
	RtlUserThreadStart [0x00007FFEFF9E2651+33]

Traceback (most recent call last):
  File "D:\git\zhswUI\test_case\test_bzsj.py", line 8, in test_bzsj
    ddd = bzsjyewu().add_bzsj_notice()
  File "D:\git\zhswUI\pages\bzsjpage.py", line 59, in add_bzsj_notice
    self.click_bzsj_shanchu()
  File "D:\git\zhswUI\pages\bzsjpage.py", line 44, in click_bzsj_shanchu
    self.get_bzsj_shanchu().click()
  File "D:\git\zhswUI\pages\bzsjpage.py", line 20, in get_bzsj_shanchu
    return self.driver.find_element_by_xpath('/html/body/div/section/section/main/div[3]/div[1]/div[5]/div[2]/table/tbody/tr[1]/td[12]/div/button/span')
  File "D:\Python37\lib\site-packages\selenium\webdriver\remote\webdriver.py", line 526, in find_element_by_xpath
    return self.find_element(by=By.XPATH, value=xpath)
  File "D:\Python37\lib\site-packages\selenium\webdriver\remote\webdriver.py", line 1253, in find_element
    'value': value})['value']
  File "D:\Python37\lib\site-packages\selenium\webdriver\remote\webdriver.py", line 430, in execute
    self.error_handler.check_response(response)
  File "D:\Python37\lib\site-packages\selenium\webdriver\remote\errorhandler.py", line 247, in check_response
    raise exception_class(message, screen, stacktrace)
selenium.common.exceptions.NoSuchElementException: Message: no such element: Unable to locate element: {"method":"xpath","selector":"/html/body/div/section/section/main/div[3]/div[1]/div[5]/div[2]/table/tbody/tr[1]/td[12]/div/button/span"}
  (Session info: MicrosoftEdge=103.0.1264.37)
Stacktrace:
Backtrace:
	Microsoft::Applications::Events::EventProperties::unpack [0x00007FF7217B36C2+24578]
	Microsoft::Applications::Events::time_ticks_t::time_ticks_t [0x00007FF7216EE232+563682]
	Ordinal0 [0x00007FF7211F0FB5+659381]
	Ordinal0 [0x00007FF72122C25F+901727]
	Ordinal0 [0x00007FF72122C513+902419]
	Ordinal0 [0x00007FF72125E467+1107047]
	Ordinal0 [0x00007FF7212477EF+1013743]
	Ordinal0 [0x00007FF72125BAD7+1096407]
	Ordinal0 [0x00007FF7212475C3+1013187]
	Ordinal0 [0x00007FF72121E4E0+845024]
	Ordinal0 [0x00007FF72121F8D8+850136]
	Microsoft::Applications::Events::EventProperty::EventProperty [0x00007FF7214A4EB8+119992]
	Microsoft::Applications::Events::EventProperty::EventProperty [0x00007FF7214909C7+36807]
	Microsoft::Applications::Events::EventProperty::EventProperty [0x00007FF721493B5C+49500]
	Microsoft::Applications::Events::EventProperty::to_string [0x00007FF7212EF606+20582]
	Microsoft::Applications::Events::time_ticks_t::time_ticks_t [0x00007FF7216F569B+593483]
	Microsoft::Applications::Events::time_ticks_t::time_ticks_t [0x00007FF7216FABD4+615300]
	Microsoft::Applications::Events::time_ticks_t::time_ticks_t [0x00007FF7216FAD2D+615645]
	Microsoft::Applications::Events::time_ticks_t::time_ticks_t [0x00007FF72170593E+659694]
	BaseThreadInitThunk [0x00007FFEFE767034+20]
	RtlUserThreadStart [0x00007FFEFF9E2651+33]



        </pre>
    </div>
    <!--css div popup end-->

    </td>
</tr>

<tr class='passClass'>
    <td>test_bzxx_cases.testbzxx</td>
    <td>3</td>
    <td>3</td>
    <td>0</td>
    <td>0</td>
    <td><a href="javascript:showClassDetail('c3',3)">Detail</a></td>
</tr>

<tr id='pt3.1' class='hiddenRow'>
    <td class='none'><div class='testcase'>test_shanchu</div></td>
    <td colspan='5' align='center'>pass</td>
</tr>

<tr id='pt3.2' class='hiddenRow'>
    <td class='none'><div class='testcase'>test_tianjia</div></td>
    <td colspan='5' align='center'>

    <!--css div popup start-->
    <a class="popup_link" onfocus='this.blur();' href="javascript:showTestDetail('div_pt3.2')" >
        pass</a>

    <div id='div_pt3.2' class="popup_window">
        <div style='text-align: right; color:red;cursor:pointer'>
        <a onfocus='this.blur();' onclick="document.getElementById('div_pt3.2').style.display = 'none' " >
           [x]</a>
        </div>
        <pre>
        
pt3.2: 

        </pre>
    </div>
    <!--css div popup end-->

    </td>
</tr>

<tr id='pt3.3' class='hiddenRow'>
    <td class='none'><div class='testcase'>test_xiugai</div></td>
    <td colspan='5' align='center'>

    <!--css div popup start-->
    <a class="popup_link" onfocus='this.blur();' href="javascript:showTestDetail('div_pt3.3')" >
        pass</a>

    <div id='div_pt3.3' class="popup_window">
        <div style='text-align: right; color:red;cursor:pointer'>
        <a onfocus='this.blur();' onclick="document.getElementById('div_pt3.3').style.display = 'none' " >
           [x]</a>
        </div>
        <pre>
        
pt3.3: 

        </pre>
    </div>
    <!--css div popup end-->

    </td>
</tr>

<tr class='errorClass'>
    <td>test_cgfk.cgfkcase</td>
    <td>1</td>
    <td>0</td>
    <td>0</td>
    <td>1</td>
    <td><a href="javascript:showClassDetail('c4',1)">Detail</a></td>
</tr>

<tr id='ft4.1' class='none'>
    <td class='errorCase'><div class='testcase'>test_cgfk</div></td>
    <td colspan='5' align='center'>

    <!--css div popup start-->
    <a class="popup_link" onfocus='this.blur();' href="javascript:showTestDetail('div_ft4.1')" >
        error</a>

    <div id='div_ft4.1' class="popup_window">
        <div style='text-align: right; color:red;cursor:pointer'>
        <a onfocus='this.blur();' onclick="document.getElementById('div_ft4.1').style.display = 'none' " >
           [x]</a>
        </div>
        <pre>
        
ft4.1: Traceback (most recent call last):
  File "D:\git\zhswUI\test_case\test_cgfk.py", line 6, in test_cgfk
    bbb = cgfkyewu().add_cgfk_notice()
  File "D:\git\zhswUI\pages\cgfkpage.py", line 69, in add_cgfk_notice
    self.click_cgfk_tj()
  File "D:\git\zhswUI\pages\cgfkpage.py", line 47, in click_cgfk_tj
    self.get_cgfk_tj().click()
  File "D:\Python37\lib\site-packages\selenium\webdriver\remote\webelement.py", line 89, in click
    self._execute(Command.CLICK_ELEMENT)
  File "D:\Python37\lib\site-packages\selenium\webdriver\remote\webelement.py", line 773, in _execute
    return self._parent.execute(command, params)
  File "D:\Python37\lib\site-packages\selenium\webdriver\remote\webdriver.py", line 430, in execute
    self.error_handler.check_response(response)
  File "D:\Python37\lib\site-packages\selenium\webdriver\remote\errorhandler.py", line 247, in check_response
    raise exception_class(message, screen, stacktrace)
selenium.common.exceptions.StaleElementReferenceException: Message: stale element reference: element is not attached to the page document
  (Session info: MicrosoftEdge=103.0.1264.37)
Stacktrace:
Backtrace:
	Microsoft::Applications::Events::EventProperties::unpack [0x00007FF7217B36C2+24578]
	Microsoft::Applications::Events::time_ticks_t::time_ticks_t [0x00007FF7216EE232+563682]
	Ordinal0 [0x00007FF7211F0FB5+659381]
	Ordinal0 [0x00007FF7211F454A+673098]
	Ordinal0 [0x00007FF7211F42CB+672459]
	Ordinal0 [0x00007FF7211F4680+673408]
	Ordinal0 [0x00007FF72123179A+923546]
	Ordinal0 [0x00007FF72122F19E+913822]
	Ordinal0 [0x00007FF72122DDC8+908744]
	Ordinal0 [0x00007FF721220831+854065]
	Ordinal0 [0x00007FF7212477AA+1013674]
	Ordinal0 [0x00007FF72121FFC4+851908]
	Ordinal0 [0x00007FF721247AC0+1014464]
	Ordinal0 [0x00007FF72125BAD7+1096407]
	Ordinal0 [0x00007FF7212475C3+1013187]
	Ordinal0 [0x00007FF72121E4E0+845024]
	Ordinal0 [0x00007FF72121F8D8+850136]
	Microsoft::Applications::Events::EventProperty::EventProperty [0x00007FF7214A4EB8+119992]
	Microsoft::Applications::Events::EventProperty::EventProperty [0x00007FF7214909C7+36807]
	Microsoft::Applications::Events::EventProperty::EventProperty [0x00007FF721493B5C+49500]
	Microsoft::Applications::Events::EventProperty::to_string [0x00007FF7212EF606+20582]
	Microsoft::Applications::Events::time_ticks_t::time_ticks_t [0x00007FF7216F569B+593483]
	Microsoft::Applications::Events::time_ticks_t::time_ticks_t [0x00007FF7216FABD4+615300]
	Microsoft::Applications::Events::time_ticks_t::time_ticks_t [0x00007FF7216FAD2D+615645]
	Microsoft::Applications::Events::time_ticks_t::time_ticks_t [0x00007FF72170593E+659694]
	BaseThreadInitThunk [0x00007FFEFE767034+20]
	RtlUserThreadStart [0x00007FFEFF9E2651+33]

Traceback (most recent call last):
  File "D:\git\zhswUI\test_case\test_cgfk.py", line 6, in test_cgfk
    bbb = cgfkyewu().add_cgfk_notice()
  File "D:\git\zhswUI\pages\cgfkpage.py", line 69, in add_cgfk_notice
    self.click_cgfk_tj()
  File "D:\git\zhswUI\pages\cgfkpage.py", line 47, in click_cgfk_tj
    self.get_cgfk_tj().click()
  File "D:\Python37\lib\site-packages\selenium\webdriver\remote\webelement.py", line 89, in click
    self._execute(Command.CLICK_ELEMENT)
  File "D:\Python37\lib\site-packages\selenium\webdriver\remote\webelement.py", line 773, in _execute
    return self._parent.execute(command, params)
  File "D:\Python37\lib\site-packages\selenium\webdriver\remote\webdriver.py", line 430, in execute
    self.error_handler.check_response(response)
  File "D:\Python37\lib\site-packages\selenium\webdriver\remote\errorhandler.py", line 247, in check_response
    raise exception_class(message, screen, stacktrace)
selenium.common.exceptions.StaleElementReferenceException: Message: stale element reference: element is not attached to the page document
  (Session info: MicrosoftEdge=103.0.1264.37)
Stacktrace:
Backtrace:
	Microsoft::Applications::Events::EventProperties::unpack [0x00007FF7217B36C2+24578]
	Microsoft::Applications::Events::time_ticks_t::time_ticks_t [0x00007FF7216EE232+563682]
	Ordinal0 [0x00007FF7211F0FB5+659381]
	Ordinal0 [0x00007FF7211F454A+673098]
	Ordinal0 [0x00007FF7211F42CB+672459]
	Ordinal0 [0x00007FF7211F4680+673408]
	Ordinal0 [0x00007FF72123179A+923546]
	Ordinal0 [0x00007FF72122F19E+913822]
	Ordinal0 [0x00007FF72122DDC8+908744]
	Ordinal0 [0x00007FF721220831+854065]
	Ordinal0 [0x00007FF7212477AA+1013674]
	Ordinal0 [0x00007FF72121FFC4+851908]
	Ordinal0 [0x00007FF721247AC0+1014464]
	Ordinal0 [0x00007FF72125BAD7+1096407]
	Ordinal0 [0x00007FF7212475C3+1013187]
	Ordinal0 [0x00007FF72121E4E0+845024]
	Ordinal0 [0x00007FF72121F8D8+850136]
	Microsoft::Applications::Events::EventProperty::EventProperty [0x00007FF7214A4EB8+119992]
	Microsoft::Applications::Events::EventProperty::EventProperty [0x00007FF7214909C7+36807]
	Microsoft::Applications::Events::EventProperty::EventProperty [0x00007FF721493B5C+49500]
	Microsoft::Applications::Events::EventProperty::to_string [0x00007FF7212EF606+20582]
	Microsoft::Applications::Events::time_ticks_t::time_ticks_t [0x00007FF7216F569B+593483]
	Microsoft::Applications::Events::time_ticks_t::time_ticks_t [0x00007FF7216FABD4+615300]
	Microsoft::Applications::Events::time_ticks_t::time_ticks_t [0x00007FF7216FAD2D+615645]
	Microsoft::Applications::Events::time_ticks_t::time_ticks_t [0x00007FF72170593E+659694]
	BaseThreadInitThunk [0x00007FFEFE767034+20]
	RtlUserThreadStart [0x00007FFEFF9E2651+33]



        </pre>
    </div>
    <!--css div popup end-->

    </td>
</tr>

<tr class='passClass'>
    <td>test_dtdw_cases.test_dtdw</td>
    <td>1</td>
    <td>1</td>
    <td>0</td>
    <td>0</td>
    <td><a href="javascript:showClassDetail('c5',1)">Detail</a></td>
</tr>

<tr id='pt5.1' class='hiddenRow'>
    <td class='none'><div class='testcase'>test_ditu</div></td>
    <td colspan='5' align='center'>pass</td>
</tr>

<tr class='passClass'>
    <td>test_jcss_cases.testsheshi</td>
    <td>2</td>
    <td>2</td>
    <td>0</td>
    <td>0</td>
    <td><a href="javascript:showClassDetail('c6',2)">Detail</a></td>
</tr>

<tr id='pt6.1' class='hiddenRow'>
    <td class='none'><div class='testcase'>test_shenqing</div></td>
    <td colspan='5' align='center'>pass</td>
</tr>

<tr id='pt6.2' class='hiddenRow'>
    <td class='none'><div class='testcase'>test_sheshi</div></td>
    <td colspan='5' align='center'>pass</td>
</tr>

<tr class='passClass'>
    <td>test_jsgl.jsglcase</td>
    <td>1</td>
    <td>1</td>
    <td>0</td>
    <td>0</td>
    <td><a href="javascript:showClassDetail('c7',1)">Detail</a></td>
</tr>

<tr id='pt7.1' class='hiddenRow'>
    <td class='none'><div class='testcase'>test_jsgl</div></td>
    <td colspan='5' align='center'>

    <!--css div popup start-->
    <a class="popup_link" onfocus='this.blur();' href="javascript:showTestDetail('div_pt7.1')" >
        pass</a>

    <div id='div_pt7.1' class="popup_window">
        <div style='text-align: right; color:red;cursor:pointer'>
        <a onfocus='this.blur();' onclick="document.getElementById('div_pt7.1').style.display = 'none' " >
           [x]</a>
        </div>
        <pre>
        
pt7.1: 

        </pre>
    </div>
    <!--css div popup end-->

    </td>
</tr>

<tr class='passClass'>
    <td>test_sblb_cases.testsblb</td>
    <td>3</td>
    <td>3</td>
    <td>0</td>
    <td>0</td>
    <td><a href="javascript:showClassDetail('c8',3)">Detail</a></td>
</tr>

<tr id='pt8.1' class='hiddenRow'>
    <td class='none'><div class='testcase'>test_dplb</div></td>
    <td colspan='5' align='center'>pass</td>
</tr>

<tr id='pt8.2' class='hiddenRow'>
    <td class='none'><div class='testcase'>test_fenpei</div></td>
    <td colspan='5' align='center'>pass</td>
</tr>

<tr id='pt8.3' class='hiddenRow'>
    <td class='none'><div class='testcase'>test_xiugai</div></td>
    <td colspan='5' align='center'>pass</td>
</tr>

<tr class='passClass'>
    <td>test_sbsx.xjshhCase</td>
    <td>6</td>
    <td>6</td>
    <td>0</td>
    <td>0</td>
    <td><a href="javascript:showClassDetail('c9',6)">Detail</a></td>
</tr>

<tr id='pt9.1' class='hiddenRow'>
    <td class='none'><div class='testcase'>test_sbsxsc</div></td>
    <td colspan='5' align='center'>

    <!--css div popup start-->
    <a class="popup_link" onfocus='this.blur();' href="javascript:showTestDetail('div_pt9.1')" >
        pass</a>

    <div id='div_pt9.1' class="popup_window">
        <div style='text-align: right; color:red;cursor:pointer'>
        <a onfocus='this.blur();' onclick="document.getElementById('div_pt9.1').style.display = 'none' " >
           [x]</a>
        </div>
        <pre>
        
pt9.1: 

        </pre>
    </div>
    <!--css div popup end-->

    </td>
</tr>

<tr id='pt9.2' class='hiddenRow'>
    <td class='none'><div class='testcase'>test_sbsxtj</div></td>
    <td colspan='5' align='center'>

    <!--css div popup start-->
    <a class="popup_link" onfocus='this.blur();' href="javascript:showTestDetail('div_pt9.2')" >
        pass</a>

    <div id='div_pt9.2' class="popup_window">
        <div style='text-align: right; color:red;cursor:pointer'>
        <a onfocus='this.blur();' onclick="document.getElementById('div_pt9.2').style.display = 'none' " >
           [x]</a>
        </div>
        <pre>
        
pt9.2: 

        </pre>
    </div>
    <!--css div popup end-->

    </td>
</tr>

<tr id='pt9.3' class='hiddenRow'>
    <td class='none'><div class='testcase'>test_sbsxxg</div></td>
    <td colspan='5' align='center'>pass</td>
</tr>

<tr id='pt9.4' class='hiddenRow'>
    <td class='none'><div class='testcase'>test_xjshh</div></td>
    <td colspan='5' align='center'>pass</td>
</tr>

<tr id='pt9.5' class='hiddenRow'>
    <td class='none'><div class='testcase'>test_yhgltj</div></td>
    <td colspan='5' align='center'>pass</td>
</tr>

<tr id='pt9.6' class='hiddenRow'>
    <td class='none'><div class='testcase'>test_yhglxg</div></td>
    <td colspan='5' align='center'>pass</td>
</tr>

<tr class='errorClass'>
    <td>test_sbwx_cases.testsbwx</td>
    <td>1</td>
    <td>0</td>
    <td>0</td>
    <td>1</td>
    <td><a href="javascript:showClassDetail('c10',1)">Detail</a></td>
</tr>

<tr id='ft10.1' class='none'>
    <td class='errorCase'><div class='testcase'>test_sbwx</div></td>
    <td colspan='5' align='center'>

    <!--css div popup start-->
    <a class="popup_link" onfocus='this.blur();' href="javascript:showTestDetail('div_ft10.1')" >
        error</a>

    <div id='div_ft10.1' class="popup_window">
        <div style='text-align: right; color:red;cursor:pointer'>
        <a onfocus='this.blur();' onclick="document.getElementById('div_ft10.1').style.display = 'none' " >
           [x]</a>
        </div>
        <pre>
        
ft10.1: Traceback (most recent call last):
  File "D:\git\zhswUI\test_case\test_sbwx_cases.py", line 9, in test_sbwx
    r = sbwxyewu().wcjx_sbwx()
  File "D:\git\zhswUI\pages\sbwxpage.py", line 77, in wcjx_sbwx
    self.click_sbwx_wcjianxiu()
  File "D:\git\zhswUI\pages\sbwxpage.py", line 55, in click_sbwx_wcjianxiu
    self.get_sbwx_wanchengjx().click()
  File "D:\git\zhswUI\pages\sbwxpage.py", line 28, in get_sbwx_wanchengjx
    return self.driver.find_element_by_xpath('/html/body/div[1]/section/section/main/div[3]/div[1]/div[4]/div[2]/table/tbody/tr[1]/td[9]/div/button[1]')
  File "D:\Python37\lib\site-packages\selenium\webdriver\remote\webdriver.py", line 526, in find_element_by_xpath
    return self.find_element(by=By.XPATH, value=xpath)
  File "D:\Python37\lib\site-packages\selenium\webdriver\remote\webdriver.py", line 1253, in find_element
    'value': value})['value']
  File "D:\Python37\lib\site-packages\selenium\webdriver\remote\webdriver.py", line 430, in execute
    self.error_handler.check_response(response)
  File "D:\Python37\lib\site-packages\selenium\webdriver\remote\errorhandler.py", line 247, in check_response
    raise exception_class(message, screen, stacktrace)
selenium.common.exceptions.NoSuchElementException: Message: no such element: Unable to locate element: {"method":"xpath","selector":"/html/body/div[1]/section/section/main/div[3]/div[1]/div[4]/div[2]/table/tbody/tr[1]/td[9]/div/button[1]"}
  (Session info: MicrosoftEdge=103.0.1264.37)
Stacktrace:
Backtrace:
	Microsoft::Applications::Events::EventProperties::unpack [0x00007FF7217B36C2+24578]
	Microsoft::Applications::Events::time_ticks_t::time_ticks_t [0x00007FF7216EE232+563682]
	Ordinal0 [0x00007FF7211F0FB5+659381]
	Ordinal0 [0x00007FF72122C25F+901727]
	Ordinal0 [0x00007FF72122C513+902419]
	Ordinal0 [0x00007FF72125E467+1107047]
	Ordinal0 [0x00007FF7212477EF+1013743]
	Ordinal0 [0x00007FF72125BAD7+1096407]
	Ordinal0 [0x00007FF7212475C3+1013187]
	Ordinal0 [0x00007FF72121E4E0+845024]
	Ordinal0 [0x00007FF72121F8D8+850136]
	Microsoft::Applications::Events::EventProperty::EventProperty [0x00007FF7214A4EB8+119992]
	Microsoft::Applications::Events::EventProperty::EventProperty [0x00007FF7214909C7+36807]
	Microsoft::Applications::Events::EventProperty::EventProperty [0x00007FF721493B5C+49500]
	Microsoft::Applications::Events::EventProperty::to_string [0x00007FF7212EF606+20582]
	Microsoft::Applications::Events::time_ticks_t::time_ticks_t [0x00007FF7216F569B+593483]
	Microsoft::Applications::Events::time_ticks_t::time_ticks_t [0x00007FF7216FABD4+615300]
	Microsoft::Applications::Events::time_ticks_t::time_ticks_t [0x00007FF7216FAD2D+615645]
	Microsoft::Applications::Events::time_ticks_t::time_ticks_t [0x00007FF72170593E+659694]
	BaseThreadInitThunk [0x00007FFEFE767034+20]
	RtlUserThreadStart [0x00007FFEFF9E2651+33]

Traceback (most recent call last):
  File "D:\git\zhswUI\test_case\test_sbwx_cases.py", line 9, in test_sbwx
    r = sbwxyewu().wcjx_sbwx()
  File "D:\git\zhswUI\pages\sbwxpage.py", line 77, in wcjx_sbwx
    self.click_sbwx_wcjianxiu()
  File "D:\git\zhswUI\pages\sbwxpage.py", line 55, in click_sbwx_wcjianxiu
    self.get_sbwx_wanchengjx().click()
  File "D:\git\zhswUI\pages\sbwxpage.py", line 28, in get_sbwx_wanchengjx
    return self.driver.find_element_by_xpath('/html/body/div[1]/section/section/main/div[3]/div[1]/div[4]/div[2]/table/tbody/tr[1]/td[9]/div/button[1]')
  File "D:\Python37\lib\site-packages\selenium\webdriver\remote\webdriver.py", line 526, in find_element_by_xpath
    return self.find_element(by=By.XPATH, value=xpath)
  File "D:\Python37\lib\site-packages\selenium\webdriver\remote\webdriver.py", line 1253, in find_element
    'value': value})['value']
  File "D:\Python37\lib\site-packages\selenium\webdriver\remote\webdriver.py", line 430, in execute
    self.error_handler.check_response(response)
  File "D:\Python37\lib\site-packages\selenium\webdriver\remote\errorhandler.py", line 247, in check_response
    raise exception_class(message, screen, stacktrace)
selenium.common.exceptions.NoSuchElementException: Message: no such element: Unable to locate element: {"method":"xpath","selector":"/html/body/div[1]/section/section/main/div[3]/div[1]/div[4]/div[2]/table/tbody/tr[1]/td[9]/div/button[1]"}
  (Session info: MicrosoftEdge=103.0.1264.37)
Stacktrace:
Backtrace:
	Microsoft::Applications::Events::EventProperties::unpack [0x00007FF7217B36C2+24578]
	Microsoft::Applications::Events::time_ticks_t::time_ticks_t [0x00007FF7216EE232+563682]
	Ordinal0 [0x00007FF7211F0FB5+659381]
	Ordinal0 [0x00007FF72122C25F+901727]
	Ordinal0 [0x00007FF72122C513+902419]
	Ordinal0 [0x00007FF72125E467+1107047]
	Ordinal0 [0x00007FF7212477EF+1013743]
	Ordinal0 [0x00007FF72125BAD7+1096407]
	Ordinal0 [0x00007FF7212475C3+1013187]
	Ordinal0 [0x00007FF72121E4E0+845024]
	Ordinal0 [0x00007FF72121F8D8+850136]
	Microsoft::Applications::Events::EventProperty::EventProperty [0x00007FF7214A4EB8+119992]
	Microsoft::Applications::Events::EventProperty::EventProperty [0x00007FF7214909C7+36807]
	Microsoft::Applications::Events::EventProperty::EventProperty [0x00007FF721493B5C+49500]
	Microsoft::Applications::Events::EventProperty::to_string [0x00007FF7212EF606+20582]
	Microsoft::Applications::Events::time_ticks_t::time_ticks_t [0x00007FF7216F569B+593483]
	Microsoft::Applications::Events::time_ticks_t::time_ticks_t [0x00007FF7216FABD4+615300]
	Microsoft::Applications::Events::time_ticks_t::time_ticks_t [0x00007FF7216FAD2D+615645]
	Microsoft::Applications::Events::time_ticks_t::time_ticks_t [0x00007FF72170593E+659694]
	BaseThreadInitThunk [0x00007FFEFE767034+20]
	RtlUserThreadStart [0x00007FFEFF9E2651+33]



        </pre>
    </div>
    <!--css div popup end-->

    </td>
</tr>

<tr class='passClass'>
    <td>test_shlb_cases.ShlbCase</td>
    <td>1</td>
    <td>1</td>
    <td>0</td>
    <td>0</td>
    <td><a href="javascript:showClassDetail('c11',1)">Detail</a></td>
</tr>

<tr id='pt11.1' class='hiddenRow'>
    <td class='none'><div class='testcase'>test_shld</div></td>
    <td colspan='5' align='center'>pass</td>
</tr>

<tr class='passClass'>
    <td>test_tjcgx_cases.tjcgxcase</td>
    <td>1</td>
    <td>1</td>
    <td>0</td>
    <td>0</td>
    <td><a href="javascript:showClassDetail('c12',1)">Detail</a></td>
</tr>

<tr id='pt12.1' class='hiddenRow'>
    <td class='none'><div class='testcase'>test_tjcgx</div></td>
    <td colspan='5' align='center'>

    <!--css div popup start-->
    <a class="popup_link" onfocus='this.blur();' href="javascript:showTestDetail('div_pt12.1')" >
        pass</a>

    <div id='div_pt12.1' class="popup_window">
        <div style='text-align: right; color:red;cursor:pointer'>
        <a onfocus='this.blur();' onclick="document.getElementById('div_pt12.1').style.display = 'none' " >
           [x]</a>
        </div>
        <pre>
        
pt12.1: 

        </pre>
    </div>
    <!--css div popup end-->

    </td>
</tr>

<tr class='passClass'>
    <td>test_wpgd.wpgdcase</td>
    <td>1</td>
    <td>1</td>
    <td>0</td>
    <td>0</td>
    <td><a href="javascript:showClassDetail('c13',1)">Detail</a></td>
</tr>

<tr id='pt13.1' class='hiddenRow'>
    <td class='none'><div class='testcase'>test_wpgd</div></td>
    <td colspan='5' align='center'>

    <!--css div popup start-->
    <a class="popup_link" onfocus='this.blur();' href="javascript:showTestDetail('div_pt13.1')" >
        pass</a>

    <div id='div_pt13.1' class="popup_window">
        <div style='text-align: right; color:red;cursor:pointer'>
        <a onfocus='this.blur();' onclick="document.getElementById('div_pt13.1').style.display = 'none' " >
           [x]</a>
        </div>
        <pre>
        
pt13.1: 

        </pre>
    </div>
    <!--css div popup end-->

    </td>
</tr>

<tr class='errorClass'>
    <td>test_wshgd_cases.test_wshgd</td>
    <td>1</td>
    <td>0</td>
    <td>0</td>
    <td>1</td>
    <td><a href="javascript:showClassDetail('c14',1)">Detail</a></td>
</tr>

<tr id='ft14.1' class='none'>
    <td class='errorCase'><div class='testcase'>test_shenhe</div></td>
    <td colspan='5' align='center'>

    <!--css div popup start-->
    <a class="popup_link" onfocus='this.blur();' href="javascript:showTestDetail('div_ft14.1')" >
        error</a>

    <div id='div_ft14.1' class="popup_window">
        <div style='text-align: right; color:red;cursor:pointer'>
        <a onfocus='this.blur();' onclick="document.getElementById('div_ft14.1').style.display = 'none' " >
           [x]</a>
        </div>
        <pre>
        
ft14.1: Traceback (most recent call last):
  File "D:\git\zhswUI\test_case\test_wshgd_cases.py", line 10, in test_shenhe
    r = wshgdyewu().shenhe_wshgd()
  File "D:\git\zhswUI\pages\wshgdpage.py", line 49, in shenhe_wshgd
    self.click_wshgd_shenhe()
  File "D:\git\zhswUI\pages\wshgdpage.py", line 33, in click_wshgd_shenhe
    self.get_wshgd_shenhe().click()
  File "D:\git\zhswUI\pages\wshgdpage.py", line 20, in get_wshgd_shenhe
    return self.driver.find_element_by_xpath('//*[@id="app"]/section/section/main/div[3]/div[1]/div[5]/div[2]/table/tbody/tr[1]/td[17]/div/button[1]/span')
  File "D:\Python37\lib\site-packages\selenium\webdriver\remote\webdriver.py", line 526, in find_element_by_xpath
    return self.find_element(by=By.XPATH, value=xpath)
  File "D:\Python37\lib\site-packages\selenium\webdriver\remote\webdriver.py", line 1253, in find_element
    'value': value})['value']
  File "D:\Python37\lib\site-packages\selenium\webdriver\remote\webdriver.py", line 430, in execute
    self.error_handler.check_response(response)
  File "D:\Python37\lib\site-packages\selenium\webdriver\remote\errorhandler.py", line 247, in check_response
    raise exception_class(message, screen, stacktrace)
selenium.common.exceptions.NoSuchElementException: Message: no such element: Unable to locate element: {"method":"xpath","selector":"//*[@id="app"]/section/section/main/div[3]/div[1]/div[5]/div[2]/table/tbody/tr[1]/td[17]/div/button[1]/span"}
  (Session info: MicrosoftEdge=103.0.1264.37)
Stacktrace:
Backtrace:
	Microsoft::Applications::Events::EventProperties::unpack [0x00007FF7217B36C2+24578]
	Microsoft::Applications::Events::time_ticks_t::time_ticks_t [0x00007FF7216EE232+563682]
	Ordinal0 [0x00007FF7211F0FB5+659381]
	Ordinal0 [0x00007FF72122C25F+901727]
	Ordinal0 [0x00007FF72122C513+902419]
	Ordinal0 [0x00007FF72125E467+1107047]
	Ordinal0 [0x00007FF7212477EF+1013743]
	Ordinal0 [0x00007FF72125BAD7+1096407]
	Ordinal0 [0x00007FF7212475C3+1013187]
	Ordinal0 [0x00007FF72121E4E0+845024]
	Ordinal0 [0x00007FF72121F8D8+850136]
	Microsoft::Applications::Events::EventProperty::EventProperty [0x00007FF7214A4EB8+119992]
	Microsoft::Applications::Events::EventProperty::EventProperty [0x00007FF7214909C7+36807]
	Microsoft::Applications::Events::EventProperty::EventProperty [0x00007FF721493B5C+49500]
	Microsoft::Applications::Events::EventProperty::to_string [0x00007FF7212EF606+20582]
	Microsoft::Applications::Events::time_ticks_t::time_ticks_t [0x00007FF7216F569B+593483]
	Microsoft::Applications::Events::time_ticks_t::time_ticks_t [0x00007FF7216FABD4+615300]
	Microsoft::Applications::Events::time_ticks_t::time_ticks_t [0x00007FF7216FAD2D+615645]
	Microsoft::Applications::Events::time_ticks_t::time_ticks_t [0x00007FF72170593E+659694]
	BaseThreadInitThunk [0x00007FFEFE767034+20]
	RtlUserThreadStart [0x00007FFEFF9E2651+33]

Traceback (most recent call last):
  File "D:\git\zhswUI\test_case\test_wshgd_cases.py", line 10, in test_shenhe
    r = wshgdyewu().shenhe_wshgd()
  File "D:\git\zhswUI\pages\wshgdpage.py", line 49, in shenhe_wshgd
    self.click_wshgd_shenhe()
  File "D:\git\zhswUI\pages\wshgdpage.py", line 33, in click_wshgd_shenhe
    self.get_wshgd_shenhe().click()
  File "D:\git\zhswUI\pages\wshgdpage.py", line 20, in get_wshgd_shenhe
    return self.driver.find_element_by_xpath('//*[@id="app"]/section/section/main/div[3]/div[1]/div[5]/div[2]/table/tbody/tr[1]/td[17]/div/button[1]/span')
  File "D:\Python37\lib\site-packages\selenium\webdriver\remote\webdriver.py", line 526, in find_element_by_xpath
    return self.find_element(by=By.XPATH, value=xpath)
  File "D:\Python37\lib\site-packages\selenium\webdriver\remote\webdriver.py", line 1253, in find_element
    'value': value})['value']
  File "D:\Python37\lib\site-packages\selenium\webdriver\remote\webdriver.py", line 430, in execute
    self.error_handler.check_response(response)
  File "D:\Python37\lib\site-packages\selenium\webdriver\remote\errorhandler.py", line 247, in check_response
    raise exception_class(message, screen, stacktrace)
selenium.common.exceptions.NoSuchElementException: Message: no such element: Unable to locate element: {"method":"xpath","selector":"//*[@id="app"]/section/section/main/div[3]/div[1]/div[5]/div[2]/table/tbody/tr[1]/td[17]/div/button[1]/span"}
  (Session info: MicrosoftEdge=103.0.1264.37)
Stacktrace:
Backtrace:
	Microsoft::Applications::Events::EventProperties::unpack [0x00007FF7217B36C2+24578]
	Microsoft::Applications::Events::time_ticks_t::time_ticks_t [0x00007FF7216EE232+563682]
	Ordinal0 [0x00007FF7211F0FB5+659381]
	Ordinal0 [0x00007FF72122C25F+901727]
	Ordinal0 [0x00007FF72122C513+902419]
	Ordinal0 [0x00007FF72125E467+1107047]
	Ordinal0 [0x00007FF7212477EF+1013743]
	Ordinal0 [0x00007FF72125BAD7+1096407]
	Ordinal0 [0x00007FF7212475C3+1013187]
	Ordinal0 [0x00007FF72121E4E0+845024]
	Ordinal0 [0x00007FF72121F8D8+850136]
	Microsoft::Applications::Events::EventProperty::EventProperty [0x00007FF7214A4EB8+119992]
	Microsoft::Applications::Events::EventProperty::EventProperty [0x00007FF7214909C7+36807]
	Microsoft::Applications::Events::EventProperty::EventProperty [0x00007FF721493B5C+49500]
	Microsoft::Applications::Events::EventProperty::to_string [0x00007FF7212EF606+20582]
	Microsoft::Applications::Events::time_ticks_t::time_ticks_t [0x00007FF7216F569B+593483]
	Microsoft::Applications::Events::time_ticks_t::time_ticks_t [0x00007FF7216FABD4+615300]
	Microsoft::Applications::Events::time_ticks_t::time_ticks_t [0x00007FF7216FAD2D+615645]
	Microsoft::Applications::Events::time_ticks_t::time_ticks_t [0x00007FF72170593E+659694]
	BaseThreadInitThunk [0x00007FFEFE767034+20]
	RtlUserThreadStart [0x00007FFEFF9E2651+33]



        </pre>
    </div>
    <!--css div popup end-->

    </td>
</tr>

<tr class='passClass'>
    <td>test_xjd_cases.xjddcase</td>
    <td>1</td>
    <td>1</td>
    <td>0</td>
    <td>0</td>
    <td><a href="javascript:showClassDetail('c15',1)">Detail</a></td>
</tr>

<tr id='pt15.1' class='hiddenRow'>
    <td class='none'><div class='testcase'>test_xjdd</div></td>
    <td colspan='5' align='center'>

    <!--css div popup start-->
    <a class="popup_link" onfocus='this.blur();' href="javascript:showTestDetail('div_pt15.1')" >
        pass</a>

    <div id='div_pt15.1' class="popup_window">
        <div style='text-align: right; color:red;cursor:pointer'>
        <a onfocus='this.blur();' onclick="document.getElementById('div_pt15.1').style.display = 'none' " >
           [x]</a>
        </div>
        <pre>
        
pt15.1: 

        </pre>
    </div>
    <!--css div popup end-->

    </td>
</tr>

<tr class='errorClass'>
    <td>test_xjjh_cases.xjjhcase</td>
    <td>1</td>
    <td>0</td>
    <td>0</td>
    <td>1</td>
    <td><a href="javascript:showClassDetail('c16',1)">Detail</a></td>
</tr>

<tr id='ft16.1' class='none'>
    <td class='errorCase'><div class='testcase'>test_xjjh</div></td>
    <td colspan='5' align='center'>

    <!--css div popup start-->
    <a class="popup_link" onfocus='this.blur();' href="javascript:showTestDetail('div_ft16.1')" >
        error</a>

    <div id='div_ft16.1' class="popup_window">
        <div style='text-align: right; color:red;cursor:pointer'>
        <a onfocus='this.blur();' onclick="document.getElementById('div_ft16.1').style.display = 'none' " >
           [x]</a>
        </div>
        <pre>
        
ft16.1: Traceback (most recent call last):
  File "D:\git\zhswUI\test_case\test_xjjh_cases.py", line 11, in test_xjjh
    csyl = xjjhyewu().add_xjjh_notice('101','102','1050023','222','333','987456')
  File "D:\git\zhswUI\pages\xjjhpage.py", line 313, in add_xjjh_notice
    self.send_xjjh_xjlxxlk()
  File "D:\git\zhswUI\pages\xjjhpage.py", line 181, in send_xjjh_xjlxxlk
    self.get_xjjh_xjlxxlk().click()
AttributeError: 'NoneType' object has no attribute 'click'
Traceback (most recent call last):
  File "D:\git\zhswUI\test_case\test_xjjh_cases.py", line 11, in test_xjjh
    csyl = xjjhyewu().add_xjjh_notice('101','102','1050023','222','333','987456')
  File "D:\git\zhswUI\pages\xjjhpage.py", line 313, in add_xjjh_notice
    self.send_xjjh_xjlxxlk()
  File "D:\git\zhswUI\pages\xjjhpage.py", line 181, in send_xjjh_xjlxxlk
    self.get_xjjh_xjlxxlk().click()
AttributeError: 'NoneType' object has no attribute 'click'


        </pre>
    </div>
    <!--css div popup end-->

    </td>
</tr>

<tr class='errorClass'>
    <td>test_ypgd.ypgdcase</td>
    <td>1</td>
    <td>0</td>
    <td>0</td>
    <td>1</td>
    <td><a href="javascript:showClassDetail('c17',1)">Detail</a></td>
</tr>

<tr id='ft17.1' class='none'>
    <td class='errorCase'><div class='testcase'>test_ypgd</div></td>
    <td colspan='5' align='center'>

    <!--css div popup start-->
    <a class="popup_link" onfocus='this.blur();' href="javascript:showTestDetail('div_ft17.1')" >
        error</a>

    <div id='div_ft17.1' class="popup_window">
        <div style='text-align: right; color:red;cursor:pointer'>
        <a onfocus='this.blur();' onclick="document.getElementById('div_ft17.1').style.display = 'none' " >
           [x]</a>
        </div>
        <pre>
        
ft17.1: Traceback (most recent call last):
  File "D:\git\zhswUI\test_case\test_ypgd.py", line 7, in test_ypgd
    eee = ypgdyewu().add_ypgd_notice()
  File "D:\git\zhswUI\pages\ypgdpage.py", line 29, in __init__
    ypgdcaozuo.__init__(self)
  File "D:\git\zhswUI\pages\ypgdpage.py", line 20, in __init__
    ypgdpage.__init__(self)
  File "D:\git\zhswUI\pages\ypgdpage.py", line 11, in __init__
    self.driver.get(f'http://{host_port}/water/#/worker/yet')
  File "D:\Python37\lib\site-packages\selenium\webdriver\remote\webdriver.py", line 442, in get
    self.execute(Command.GET, {'url': url})
  File "D:\Python37\lib\site-packages\selenium\webdriver\remote\webdriver.py", line 430, in execute
    self.error_handler.check_response(response)
  File "D:\Python37\lib\site-packages\selenium\webdriver\remote\errorhandler.py", line 247, in check_response
    raise exception_class(message, screen, stacktrace)
selenium.common.exceptions.NoSuchWindowException: Message: no such window: target window already closed
from unknown error: web view not found
  (Session info: MicrosoftEdge=103.0.1264.37)
Stacktrace:
Backtrace:
	Microsoft::Applications::Events::EventProperties::unpack [0x00007FF7217B36C2+24578]
	Microsoft::Applications::Events::time_ticks_t::time_ticks_t [0x00007FF7216EE232+563682]
	Ordinal0 [0x00007FF7211F0FB5+659381]
	Ordinal0 [0x00007FF7211D0FBB+528315]
	Ordinal0 [0x00007FF72124A314+1024788]
	Ordinal0 [0x00007FF72125B0E2+1093858]
	Ordinal0 [0x00007FF7212475C3+1013187]
	Ordinal0 [0x00007FF72121E4E0+845024]
	Ordinal0 [0x00007FF72121F8D8+850136]
	Microsoft::Applications::Events::EventProperty::EventProperty [0x00007FF7214A4EB8+119992]
	Microsoft::Applications::Events::EventProperty::EventProperty [0x00007FF7214909C7+36807]
	Microsoft::Applications::Events::EventProperty::EventProperty [0x00007FF721493B5C+49500]
	Microsoft::Applications::Events::EventProperty::to_string [0x00007FF7212EF606+20582]
	Microsoft::Applications::Events::time_ticks_t::time_ticks_t [0x00007FF7216F569B+593483]
	Microsoft::Applications::Events::time_ticks_t::time_ticks_t [0x00007FF7216FABD4+615300]
	Microsoft::Applications::Events::time_ticks_t::time_ticks_t [0x00007FF7216FAD2D+615645]
	Microsoft::Applications::Events::time_ticks_t::time_ticks_t [0x00007FF72170593E+659694]
	BaseThreadInitThunk [0x00007FFEFE767034+20]
	RtlUserThreadStart [0x00007FFEFF9E2651+33]

Traceback (most recent call last):
  File "D:\git\zhswUI\test_case\test_ypgd.py", line 7, in test_ypgd
    eee = ypgdyewu().add_ypgd_notice()
  File "D:\git\zhswUI\pages\ypgdpage.py", line 29, in __init__
    ypgdcaozuo.__init__(self)
  File "D:\git\zhswUI\pages\ypgdpage.py", line 20, in __init__
    ypgdpage.__init__(self)
  File "D:\git\zhswUI\pages\ypgdpage.py", line 11, in __init__
    self.driver.get(f'http://{host_port}/water/#/worker/yet')
  File "D:\Python37\lib\site-packages\selenium\webdriver\remote\webdriver.py", line 442, in get
    self.execute(Command.GET, {'url': url})
  File "D:\Python37\lib\site-packages\selenium\webdriver\remote\webdriver.py", line 430, in execute
    self.error_handler.check_response(response)
  File "D:\Python37\lib\site-packages\selenium\webdriver\remote\errorhandler.py", line 247, in check_response
    raise exception_class(message, screen, stacktrace)
selenium.common.exceptions.NoSuchWindowException: Message: no such window: target window already closed
from unknown error: web view not found
  (Session info: MicrosoftEdge=103.0.1264.37)
Stacktrace:
Backtrace:
	Microsoft::Applications::Events::EventProperties::unpack [0x00007FF7217B36C2+24578]
	Microsoft::Applications::Events::time_ticks_t::time_ticks_t [0x00007FF7216EE232+563682]
	Ordinal0 [0x00007FF7211F0FB5+659381]
	Ordinal0 [0x00007FF7211D0FBB+528315]
	Ordinal0 [0x00007FF72124A314+1024788]
	Ordinal0 [0x00007FF72125B0E2+1093858]
	Ordinal0 [0x00007FF7212475C3+1013187]
	Ordinal0 [0x00007FF72121E4E0+845024]
	Ordinal0 [0x00007FF72121F8D8+850136]
	Microsoft::Applications::Events::EventProperty::EventProperty [0x00007FF7214A4EB8+119992]
	Microsoft::Applications::Events::EventProperty::EventProperty [0x00007FF7214909C7+36807]
	Microsoft::Applications::Events::EventProperty::EventProperty [0x00007FF721493B5C+49500]
	Microsoft::Applications::Events::EventProperty::to_string [0x00007FF7212EF606+20582]
	Microsoft::Applications::Events::time_ticks_t::time_ticks_t [0x00007FF7216F569B+593483]
	Microsoft::Applications::Events::time_ticks_t::time_ticks_t [0x00007FF7216FABD4+615300]
	Microsoft::Applications::Events::time_ticks_t::time_ticks_t [0x00007FF7216FAD2D+615645]
	Microsoft::Applications::Events::time_ticks_t::time_ticks_t [0x00007FF72170593E+659694]
	BaseThreadInitThunk [0x00007FFEFE767034+20]
	RtlUserThreadStart [0x00007FFEFF9E2651+33]



        </pre>
    </div>
    <!--css div popup end-->

    </td>
</tr>

<tr class='errorClass'>
    <td>test_yshgd_cases.yshgdcase</td>
    <td>1</td>
    <td>0</td>
    <td>0</td>
    <td>1</td>
    <td><a href="javascript:showClassDetail('c18',1)">Detail</a></td>
</tr>

<tr id='ft18.1' class='none'>
    <td class='errorCase'><div class='testcase'>test_ysh</div></td>
    <td colspan='5' align='center'>

    <!--css div popup start-->
    <a class="popup_link" onfocus='this.blur();' href="javascript:showTestDetail('div_ft18.1')" >
        error</a>

    <div id='div_ft18.1' class="popup_window">
        <div style='text-align: right; color:red;cursor:pointer'>
        <a onfocus='this.blur();' onclick="document.getElementById('div_ft18.1').style.display = 'none' " >
           [x]</a>
        </div>
        <pre>
        
ft18.1: Traceback (most recent call last):
  File "D:\git\zhswUI\test_case\test_yshgd_cases.py", line 7, in test_ysh
    r = yshgdyewu().yshgd_yewu()
  File "D:\git\zhswUI\pages\yshgdpage.py", line 55, in __init__
    yshgdcaozuo.__init__(self)
  File "D:\git\zhswUI\pages\yshgdpage.py", line 24, in __init__
    yshgdpage.__init__(self)
  File "D:\git\zhswUI\pages\yshgdpage.py", line 11, in __init__
    self.driver.get(f"http://{host_port}/water/#/worker/ischeck")
  File "D:\Python37\lib\site-packages\selenium\webdriver\remote\webdriver.py", line 442, in get
    self.execute(Command.GET, {'url': url})
  File "D:\Python37\lib\site-packages\selenium\webdriver\remote\webdriver.py", line 430, in execute
    self.error_handler.check_response(response)
  File "D:\Python37\lib\site-packages\selenium\webdriver\remote\errorhandler.py", line 247, in check_response
    raise exception_class(message, screen, stacktrace)
selenium.common.exceptions.NoSuchWindowException: Message: no such window: target window already closed
from unknown error: web view not found
  (Session info: MicrosoftEdge=103.0.1264.37)
Stacktrace:
Backtrace:
	Microsoft::Applications::Events::EventProperties::unpack [0x00007FF7217B36C2+24578]
	Microsoft::Applications::Events::time_ticks_t::time_ticks_t [0x00007FF7216EE232+563682]
	Ordinal0 [0x00007FF7211F0FB5+659381]
	Ordinal0 [0x00007FF7211D0FBB+528315]
	Ordinal0 [0x00007FF72124A314+1024788]
	Ordinal0 [0x00007FF72125B0E2+1093858]
	Ordinal0 [0x00007FF7212475C3+1013187]
	Ordinal0 [0x00007FF72121E4E0+845024]
	Ordinal0 [0x00007FF72121F8D8+850136]
	Microsoft::Applications::Events::EventProperty::EventProperty [0x00007FF7214A4EB8+119992]
	Microsoft::Applications::Events::EventProperty::EventProperty [0x00007FF7214909C7+36807]
	Microsoft::Applications::Events::EventProperty::EventProperty [0x00007FF721493B5C+49500]
	Microsoft::Applications::Events::EventProperty::to_string [0x00007FF7212EF606+20582]
	Microsoft::Applications::Events::time_ticks_t::time_ticks_t [0x00007FF7216F569B+593483]
	Microsoft::Applications::Events::time_ticks_t::time_ticks_t [0x00007FF7216FABD4+615300]
	Microsoft::Applications::Events::time_ticks_t::time_ticks_t [0x00007FF7216FAD2D+615645]
	Microsoft::Applications::Events::time_ticks_t::time_ticks_t [0x00007FF72170593E+659694]
	BaseThreadInitThunk [0x00007FFEFE767034+20]
	RtlUserThreadStart [0x00007FFEFF9E2651+33]

Traceback (most recent call last):
  File "D:\git\zhswUI\test_case\test_yshgd_cases.py", line 7, in test_ysh
    r = yshgdyewu().yshgd_yewu()
  File "D:\git\zhswUI\pages\yshgdpage.py", line 55, in __init__
    yshgdcaozuo.__init__(self)
  File "D:\git\zhswUI\pages\yshgdpage.py", line 24, in __init__
    yshgdpage.__init__(self)
  File "D:\git\zhswUI\pages\yshgdpage.py", line 11, in __init__
    self.driver.get(f"http://{host_port}/water/#/worker/ischeck")
  File "D:\Python37\lib\site-packages\selenium\webdriver\remote\webdriver.py", line 442, in get
    self.execute(Command.GET, {'url': url})
  File "D:\Python37\lib\site-packages\selenium\webdriver\remote\webdriver.py", line 430, in execute
    self.error_handler.check_response(response)
  File "D:\Python37\lib\site-packages\selenium\webdriver\remote\errorhandler.py", line 247, in check_response
    raise exception_class(message, screen, stacktrace)
selenium.common.exceptions.NoSuchWindowException: Message: no such window: target window already closed
from unknown error: web view not found
  (Session info: MicrosoftEdge=103.0.1264.37)
Stacktrace:
Backtrace:
	Microsoft::Applications::Events::EventProperties::unpack [0x00007FF7217B36C2+24578]
	Microsoft::Applications::Events::time_ticks_t::time_ticks_t [0x00007FF7216EE232+563682]
	Ordinal0 [0x00007FF7211F0FB5+659381]
	Ordinal0 [0x00007FF7211D0FBB+528315]
	Ordinal0 [0x00007FF72124A314+1024788]
	Ordinal0 [0x00007FF72125B0E2+1093858]
	Ordinal0 [0x00007FF7212475C3+1013187]
	Ordinal0 [0x00007FF72121E4E0+845024]
	Ordinal0 [0x00007FF72121F8D8+850136]
	Microsoft::Applications::Events::EventProperty::EventProperty [0x00007FF7214A4EB8+119992]
	Microsoft::Applications::Events::EventProperty::EventProperty [0x00007FF7214909C7+36807]
	Microsoft::Applications::Events::EventProperty::EventProperty [0x00007FF721493B5C+49500]
	Microsoft::Applications::Events::EventProperty::to_string [0x00007FF7212EF606+20582]
	Microsoft::Applications::Events::time_ticks_t::time_ticks_t [0x00007FF7216F569B+593483]
	Microsoft::Applications::Events::time_ticks_t::time_ticks_t [0x00007FF7216FABD4+615300]
	Microsoft::Applications::Events::time_ticks_t::time_ticks_t [0x00007FF7216FAD2D+615645]
	Microsoft::Applications::Events::time_ticks_t::time_ticks_t [0x00007FF72170593E+659694]
	BaseThreadInitThunk [0x00007FFEFE767034+20]
	RtlUserThreadStart [0x00007FFEFF9E2651+33]



        </pre>
    </div>
    <!--css div popup end-->

    </td>
</tr>

<tr id='total_row'>
    <td>Total</td>
    <td>28</td>
    <td>21</td>
    <td>0</td>
    <td>7</td>
    <td>&nbsp;</td>
</tr>
</table>

<div id='ending'>&nbsp;</div>

</body>
</html>
